0 info it worked if it ends with ok
1 verbose cli [ 'C:\\Program Files\\nodejs\\node.exe',
1 verbose cli   'C:\\Program Files\\nodejs\\node_modules\\npm\\bin\\npm-cli.js',
1 verbose cli   'run',
1 verbose cli   'watch' ]
2 info using npm@3.10.10
3 info using node@v6.9.5
4 verbose run-script [ 'prewatch', 'watch', 'postwatch' ]
5 info lifecycle chattrbox@1.0.0~prewatch: chattrbox@1.0.0
6 silly lifecycle chattrbox@1.0.0~prewatch: no script for prewatch, continuing
7 info lifecycle chattrbox@1.0.0~watch: chattrbox@1.0.0
8 verbose lifecycle chattrbox@1.0.0~watch: unsafe-perm in lifecycle true
9 verbose lifecycle chattrbox@1.0.0~watch: PATH: C:\Program Files\nodejs\node_modules\npm\bin\node-gyp-bin;C:\Users\josph\Desktop\chattrbox\node_modules\.bin;C:\ProgramData\Oracle\Java\javapath;C:\WINDOWS\system32;C:\WINDOWS;C:\WINDOWS\System32\Wbem;C:\WINDOWS\System32\WindowsPowerShell\v1.0\;C:\WINDOWS\system32\config\systemprofile\.dnx\bin;C:\Program Files\Microsoft DNX\Dnvm\;C:\Program Files (x86)\Windows Kits\8.1\Windows Performance Toolkit\;C:\Program Files\Java\jdk1.8.0_91\bin;C:\apache-maven-3.3.9\bin;C:\Program Files\nodejs\;c:\bin\;C:\apache-ant-1.10.1\bin;C:\wamp64\bin\php\php7.0.10;C:\bin\vendor\bin;C:\Users\josph\AppData\Roaming\Composer\friendsofphp\php-cs-fixer;C:\Program Files\Microsoft HPC Pack 2012\Bin\;C:\Program Files\Git\cmd;C:\Program Files\Git\mingw64\bin;C:\Program Files\Git\usr\bin;C:\wamp64\bin\mysql\mysql5.7.14\bin;C:\rethinkdb-2.3.5;C:\Users\josph\Desktop\Phong\Anaconda3;C:\Users\josph\Desktop\Phong\Anaconda3\Scripts;C:\Users\josph\Desktop\Phong\Anaconda3\Library\bin;C:\Users\josph\AppData\Local\Microsoft\WindowsApps;C:\Users\josph\AppData\Local\atom\bin;C:\Users\josph\AppData\Roaming\npm
10 verbose lifecycle chattrbox@1.0.0~watch: CWD: C:\Users\josph\Desktop\chattrbox
11 silly lifecycle chattrbox@1.0.0~watch: Args: [ '/d /s /c',
11 silly lifecycle   'watchify -v -d app/scripts/src/main.js -o app/scripts/dist/main.js' ]
12 silly lifecycle chattrbox@1.0.0~watch: Returned: code: 3221225786  signal: null
13 info lifecycle chattrbox@1.0.0~watch: Failed to exec watch script
14 verbose stack Error: chattrbox@1.0.0 watch: `watchify -v -d app/scripts/src/main.js -o app/scripts/dist/main.js`
14 verbose stack Exit status 3221225786
14 verbose stack     at EventEmitter.<anonymous> (C:\Program Files\nodejs\node_modules\npm\lib\utils\lifecycle.js:255:16)
14 verbose stack     at emitTwo (events.js:106:13)
14 verbose stack     at EventEmitter.emit (events.js:191:7)
14 verbose stack     at ChildProcess.<anonymous> (C:\Program Files\nodejs\node_modules\npm\lib\utils\spawn.js:40:14)
14 verbose stack     at emitTwo (events.js:106:13)
14 verbose stack     at ChildProcess.emit (events.js:191:7)
14 verbose stack     at maybeClose (internal/child_process.js:877:16)
14 verbose stack     at Process.ChildProcess._handle.onexit (internal/child_process.js:226:5)
15 verbose pkgid chattrbox@1.0.0
16 verbose cwd C:\Users\josph\Desktop\chattrbox
17 error Windows_NT 10.0.14393
18 error argv "C:\\Program Files\\nodejs\\node.exe" "C:\\Program Files\\nodejs\\node_modules\\npm\\bin\\npm-cli.js" "run" "watch"
19 error node v6.9.5
20 error npm  v3.10.10
21 error code ELIFECYCLE
22 error chattrbox@1.0.0 watch: `watchify -v -d app/scripts/src/main.js -o app/scripts/dist/main.js`
22 error Exit status 3221225786
23 error Failed at the chattrbox@1.0.0 watch script 'watchify -v -d app/scripts/src/main.js -o app/scripts/dist/main.js'.
23 error Make sure you have the latest version of node.js and npm installed.
23 error If you do, this is most likely a problem with the chattrbox package,
23 error not with npm itself.
23 error Tell the author that this fails on your system:
23 error     watchify -v -d app/scripts/src/main.js -o app/scripts/dist/main.js
23 error You can get information on how to open an issue for this project with:
23 error     npm bugs chattrbox
23 error Or if that isn't available, you can get their info via:
23 error     npm owner ls chattrbox
23 error There is likely additional logging output above.
24 verbose exit [ 1, true ]
